{"/Users/eman/Desktop/CTD/node-homework/app.js": {"path":"/Users/eman/Desktop/CTD/node-homework/app.js","statementMap":{"0":{"start":{"line":1,"column":16},"end":{"line":1,"column":34}},"1":{"start":{"line":2,"column":15},"end":{"line":2,"column":37}},"2":{"start":{"line":3,"column":21},"end":{"line":3,"column":58}},"3":{"start":{"line":4,"column":24},"end":{"line":4,"column":57}},"4":{"start":{"line":5,"column":19},"end":{"line":5,"column":49}},"5":{"start":{"line":6,"column":19},"end":{"line":6,"column":49}},"6":{"start":{"line":7,"column":24},"end":{"line":7,"column":59}},"7":{"start":{"line":8,"column":24},"end":{"line":8,"column":52}},"8":{"start":{"line":9,"column":21},"end":{"line":9,"column":45}},"9":{"start":{"line":10,"column":15},"end":{"line":10,"column":32}},"10":{"start":{"line":11,"column":13},"end":{"line":11,"column":28}},"11":{"start":{"line":12,"column":16},"end":{"line":12,"column":48}},"12":{"start":{"line":13,"column":20},"end":{"line":13,"column":49}},"13":{"start":{"line":15,"column":12},"end":{"line":15,"column":21}},"14":{"start":{"line":17,"column":0},"end":{"line":17,"column":26}},"15":{"start":{"line":19,"column":0},"end":{"line":24,"column":2}},"16":{"start":{"line":26,"column":0},"end":{"line":26,"column":18}},"17":{"start":{"line":28,"column":0},"end":{"line":34,"column":2}},"18":{"start":{"line":36,"column":0},"end":{"line":36,"column":24}},"19":{"start":{"line":38,"column":0},"end":{"line":38,"column":40}},"20":{"start":{"line":40,"column":0},"end":{"line":40,"column":15}},"21":{"start":{"line":42,"column":0},"end":{"line":47,"column":3}},"22":{"start":{"line":43,"column":2},"end":{"line":43,"column":45}},"23":{"start":{"line":44,"column":2},"end":{"line":44,"column":41}},"24":{"start":{"line":45,"column":2},"end":{"line":45,"column":43}},"25":{"start":{"line":46,"column":2},"end":{"line":46,"column":9}},"26":{"start":{"line":49,"column":0},"end":{"line":49,"column":43}},"27":{"start":{"line":51,"column":0},"end":{"line":51,"column":34}},"28":{"start":{"line":53,"column":0},"end":{"line":53,"column":34}},"29":{"start":{"line":55,"column":0},"end":{"line":57,"column":3}},"30":{"start":{"line":56,"column":2},"end":{"line":56,"column":41}},"31":{"start":{"line":59,"column":0},"end":{"line":61,"column":3}},"32":{"start":{"line":60,"column":2},"end":{"line":60,"column":46}},"33":{"start":{"line":63,"column":0},"end":{"line":72,"column":3}},"34":{"start":{"line":64,"column":2},"end":{"line":71,"column":3}},"35":{"start":{"line":65,"column":4},"end":{"line":65,"column":37}},"36":{"start":{"line":66,"column":4},"end":{"line":66,"column":48}},"37":{"start":{"line":68,"column":4},"end":{"line":70,"column":68}},"38":{"start":{"line":74,"column":0},"end":{"line":74,"column":25}},"39":{"start":{"line":75,"column":0},"end":{"line":75,"column":22}},"40":{"start":{"line":77,"column":13},"end":{"line":77,"column":37}},"41":{"start":{"line":78,"column":15},"end":{"line":80,"column":1}},"42":{"start":{"line":79,"column":2},"end":{"line":79,"column":55}},"43":{"start":{"line":82,"column":0},"end":{"line":89,"column":3}},"44":{"start":{"line":83,"column":2},"end":{"line":87,"column":3}},"45":{"start":{"line":84,"column":4},"end":{"line":84,"column":53}},"46":{"start":{"line":86,"column":4},"end":{"line":86,"column":40}},"47":{"start":{"line":88,"column":2},"end":{"line":88,"column":17}},"48":{"start":{"line":91,"column":21},"end":{"line":91,"column":26}},"49":{"start":{"line":93,"column":2},"end":{"line":93,"column":29}},"50":{"start":{"line":93,"column":22},"end":{"line":93,"column":29}},"51":{"start":{"line":94,"column":2},"end":{"line":94,"column":24}},"52":{"start":{"line":95,"column":2},"end":{"line":95,"column":45}},"53":{"start":{"line":96,"column":2},"end":{"line":107,"column":3}},"54":{"start":{"line":97,"column":4},"end":{"line":97,"column":31}},"55":{"start":{"line":98,"column":4},"end":{"line":98,"column":39}},"56":{"start":{"line":99,"column":4},"end":{"line":99,"column":58}},"57":{"start":{"line":99,"column":35},"end":{"line":99,"column":56}},"58":{"start":{"line":100,"column":4},"end":{"line":100,"column":39}},"59":{"start":{"line":102,"column":4},"end":{"line":102,"column":49}},"60":{"start":{"line":103,"column":4},"end":{"line":103,"column":13}},"61":{"start":{"line":105,"column":4},"end":{"line":105,"column":38}},"62":{"start":{"line":106,"column":4},"end":{"line":106,"column":23}},"63":{"start":{"line":110,"column":0},"end":{"line":110,"column":40}},"64":{"start":{"line":110,"column":27},"end":{"line":110,"column":38}},"65":{"start":{"line":111,"column":0},"end":{"line":111,"column":41}},"66":{"start":{"line":111,"column":28},"end":{"line":111,"column":39}},"67":{"start":{"line":112,"column":0},"end":{"line":115,"column":3}},"68":{"start":{"line":113,"column":2},"end":{"line":113,"column":44}},"69":{"start":{"line":114,"column":2},"end":{"line":114,"column":14}},"70":{"start":{"line":116,"column":0},"end":{"line":119,"column":3}},"71":{"start":{"line":117,"column":2},"end":{"line":117,"column":48}},"72":{"start":{"line":118,"column":2},"end":{"line":118,"column":14}},"73":{"start":{"line":121,"column":0},"end":{"line":121,"column":33}}},"fnMap":{"0":{"name":"(anonymous_0)","decl":{"start":{"line":42,"column":8},"end":{"line":42,"column":9}},"loc":{"start":{"line":42,"column":28},"end":{"line":47,"column":1}},"line":42},"1":{"name":"(anonymous_1)","decl":{"start":{"line":55,"column":13},"end":{"line":55,"column":14}},"loc":{"start":{"line":55,"column":27},"end":{"line":57,"column":1}},"line":55},"2":{"name":"(anonymous_2)","decl":{"start":{"line":59,"column":22},"end":{"line":59,"column":23}},"loc":{"start":{"line":59,"column":36},"end":{"line":61,"column":1}},"line":59},"3":{"name":"(anonymous_3)","decl":{"start":{"line":63,"column":19},"end":{"line":63,"column":20}},"loc":{"start":{"line":63,"column":39},"end":{"line":72,"column":1}},"line":63},"4":{"name":"(anonymous_4)","decl":{"start":{"line":78,"column":32},"end":{"line":78,"column":33}},"loc":{"start":{"line":79,"column":2},"end":{"line":79,"column":55}},"line":79},"5":{"name":"(anonymous_5)","decl":{"start":{"line":82,"column":19},"end":{"line":82,"column":20}},"loc":{"start":{"line":82,"column":28},"end":{"line":89,"column":1}},"line":82},"6":{"name":"shutdown","decl":{"start":{"line":92,"column":15},"end":{"line":92,"column":23}},"loc":{"start":{"line":92,"column":34},"end":{"line":108,"column":1}},"line":92},"7":{"name":"(anonymous_7)","decl":{"start":{"line":99,"column":22},"end":{"line":99,"column":23}},"loc":{"start":{"line":99,"column":35},"end":{"line":99,"column":56}},"line":99},"8":{"name":"(anonymous_8)","decl":{"start":{"line":110,"column":21},"end":{"line":110,"column":22}},"loc":{"start":{"line":110,"column":27},"end":{"line":110,"column":38}},"line":110},"9":{"name":"(anonymous_9)","decl":{"start":{"line":111,"column":22},"end":{"line":111,"column":23}},"loc":{"start":{"line":111,"column":28},"end":{"line":111,"column":39}},"line":111},"10":{"name":"(anonymous_10)","decl":{"start":{"line":112,"column":32},"end":{"line":112,"column":33}},"loc":{"start":{"line":112,"column":41},"end":{"line":115,"column":1}},"line":112},"11":{"name":"(anonymous_11)","decl":{"start":{"line":116,"column":33},"end":{"line":116,"column":34}},"loc":{"start":{"line":116,"column":45},"end":{"line":119,"column":1}},"line":116}},"branchMap":{"0":{"loc":{"start":{"line":77,"column":13},"end":{"line":77,"column":37}},"type":"binary-expr","locations":[{"start":{"line":77,"column":13},"end":{"line":77,"column":29}},{"start":{"line":77,"column":33},"end":{"line":77,"column":37}}],"line":77},"1":{"loc":{"start":{"line":83,"column":2},"end":{"line":87,"column":3}},"type":"if","locations":[{"start":{"line":83,"column":2},"end":{"line":87,"column":3}},{"start":{"line":85,"column":9},"end":{"line":87,"column":3}}],"line":83},"2":{"loc":{"start":{"line":92,"column":24},"end":{"line":92,"column":32}},"type":"default-arg","locations":[{"start":{"line":92,"column":31},"end":{"line":92,"column":32}}],"line":92},"3":{"loc":{"start":{"line":93,"column":2},"end":{"line":93,"column":29}},"type":"if","locations":[{"start":{"line":93,"column":2},"end":{"line":93,"column":29}},{"start":{},"end":{}}],"line":93}},"s":{"0":1,"1":1,"2":1,"3":1,"4":1,"5":1,"6":1,"7":1,"8":1,"9":1,"10":1,"11":1,"12":1,"13":1,"14":1,"15":1,"16":1,"17":1,"18":1,"19":1,"20":1,"21":1,"22":5,"23":5,"24":5,"25":5,"26":1,"27":1,"28":1,"29":1,"30":0,"31":1,"32":0,"33":1,"34":0,"35":0,"36":0,"37":0,"38":1,"39":1,"40":1,"41":1,"42":1,"43":1,"44":0,"45":0,"46":0,"47":0,"48":1,"49":0,"50":0,"51":0,"52":0,"53":0,"54":0,"55":0,"56":0,"57":0,"58":0,"59":0,"60":0,"61":0,"62":0,"63":1,"64":0,"65":1,"66":0,"67":1,"68":0,"69":0,"70":1,"71":0,"72":0,"73":1},"f":{"0":5,"1":0,"2":0,"3":0,"4":1,"5":0,"6":0,"7":0,"8":0,"9":0,"10":0,"11":0},"b":{"0":[1,1],"1":[0,0],"2":[0],"3":[0,0]},"_coverageSchema":"1a1c01bbd47fc00a2c39e90264f33305004495a9","hash":"aa6a11176f8656353cbc78448b3c797c772695c2"}
,"/Users/eman/Desktop/CTD/node-homework/controllers/analyticsController.js": {"path":"/Users/eman/Desktop/CTD/node-homework/controllers/analyticsController.js","statementMap":{"0":{"start":{"line":1,"column":24},"end":{"line":1,"column":52}},"1":{"start":{"line":2,"column":15},"end":{"line":2,"column":38}},"2":{"start":{"line":4,"column":25},"end":{"line":79,"column":1}},"3":{"start":{"line":5,"column":2},"end":{"line":78,"column":3}},"4":{"start":{"line":6,"column":19},"end":{"line":6,"column":41}},"5":{"start":{"line":8,"column":4},"end":{"line":12,"column":5}},"6":{"start":{"line":9,"column":6},"end":{"line":11,"column":63}},"7":{"start":{"line":14,"column":17},"end":{"line":16,"column":6}},"8":{"start":{"line":18,"column":4},"end":{"line":22,"column":5}},"9":{"start":{"line":19,"column":6},"end":{"line":21,"column":49}},"10":{"start":{"line":24,"column":22},"end":{"line":30,"column":6}},"11":{"start":{"line":32,"column":24},"end":{"line":47,"column":6}},"12":{"start":{"line":49,"column":23},"end":{"line":49,"column":33}},"13":{"start":{"line":50,"column":4},"end":{"line":50,"column":49}},"14":{"start":{"line":52,"column":18},"end":{"line":62,"column":6}},"15":{"start":{"line":64,"column":30},"end":{"line":64,"column":32}},"16":{"start":{"line":66,"column":4},"end":{"line":69,"column":5}},"17":{"start":{"line":67,"column":19},"end":{"line":67,"column":61}},"18":{"start":{"line":68,"column":6},"end":{"line":68,"column":67}},"19":{"start":{"line":71,"column":27},"end":{"line":73,"column":5}},"20":{"start":{"line":72,"column":26},"end":{"line":72,"column":41}},"21":{"start":{"line":75,"column":4},"end":{"line":75,"column":76}},"22":{"start":{"line":77,"column":4},"end":{"line":77,"column":14}},"23":{"start":{"line":81,"column":26},"end":{"line":130,"column":1}},"24":{"start":{"line":82,"column":2},"end":{"line":129,"column":3}},"25":{"start":{"line":83,"column":17},"end":{"line":83,"column":57}},"26":{"start":{"line":84,"column":18},"end":{"line":84,"column":75}},"27":{"start":{"line":85,"column":17},"end":{"line":85,"column":35}},"28":{"start":{"line":87,"column":21},"end":{"line":103,"column":6}},"29":{"start":{"line":105,"column":18},"end":{"line":112,"column":7}},"30":{"start":{"line":105,"column":42},"end":{"line":112,"column":5}},"31":{"start":{"line":114,"column":23},"end":{"line":114,"column":48}},"32":{"start":{"line":115,"column":23},"end":{"line":115,"column":52}},"33":{"start":{"line":117,"column":23},"end":{"line":124,"column":5}},"34":{"start":{"line":126,"column":4},"end":{"line":126,"column":55}},"35":{"start":{"line":128,"column":4},"end":{"line":128,"column":14}},"36":{"start":{"line":132,"column":20},"end":{"line":190,"column":1}},"37":{"start":{"line":133,"column":2},"end":{"line":189,"column":3}},"38":{"start":{"line":134,"column":24},"end":{"line":134,"column":35}},"39":{"start":{"line":136,"column":4},"end":{"line":140,"column":5}},"40":{"start":{"line":137,"column":6},"end":{"line":139,"column":9}},"41":{"start":{"line":142,"column":18},"end":{"line":142,"column":75}},"42":{"start":{"line":144,"column":26},"end":{"line":144,"column":44}},"43":{"start":{"line":145,"column":23},"end":{"line":145,"column":34}},"44":{"start":{"line":146,"column":23},"end":{"line":146,"column":40}},"45":{"start":{"line":148,"column":40},"end":{"line":180,"column":6}},"46":{"start":{"line":182,"column":4},"end":{"line":186,"column":7}},"47":{"start":{"line":188,"column":4},"end":{"line":188,"column":14}},"48":{"start":{"line":192,"column":0},"end":{"line":192,"column":70}}},"fnMap":{"0":{"name":"(anonymous_0)","decl":{"start":{"line":4,"column":25},"end":{"line":4,"column":26}},"loc":{"start":{"line":4,"column":51},"end":{"line":79,"column":1}},"line":4},"1":{"name":"(anonymous_1)","decl":{"start":{"line":72,"column":6},"end":{"line":72,"column":7}},"loc":{"start":{"line":72,"column":26},"end":{"line":72,"column":41}},"line":72},"2":{"name":"(anonymous_2)","decl":{"start":{"line":81,"column":26},"end":{"line":81,"column":27}},"loc":{"start":{"line":81,"column":52},"end":{"line":130,"column":1}},"line":81},"3":{"name":"(anonymous_3)","decl":{"start":{"line":105,"column":31},"end":{"line":105,"column":32}},"loc":{"start":{"line":105,"column":42},"end":{"line":112,"column":5}},"line":105},"4":{"name":"(anonymous_4)","decl":{"start":{"line":132,"column":20},"end":{"line":132,"column":21}},"loc":{"start":{"line":132,"column":46},"end":{"line":190,"column":1}},"line":132}},"branchMap":{"0":{"loc":{"start":{"line":8,"column":4},"end":{"line":12,"column":5}},"type":"if","locations":[{"start":{"line":8,"column":4},"end":{"line":12,"column":5}},{"start":{},"end":{}}],"line":8},"1":{"loc":{"start":{"line":18,"column":4},"end":{"line":22,"column":5}},"type":"if","locations":[{"start":{"line":18,"column":4},"end":{"line":22,"column":5}},{"start":{},"end":{}}],"line":18},"2":{"loc":{"start":{"line":68,"column":33},"end":{"line":68,"column":61}},"type":"binary-expr","locations":[{"start":{"line":68,"column":33},"end":{"line":68,"column":56}},{"start":{"line":68,"column":60},"end":{"line":68,"column":61}}],"line":68},"3":{"loc":{"start":{"line":83,"column":29},"end":{"line":83,"column":56}},"type":"binary-expr","locations":[{"start":{"line":83,"column":29},"end":{"line":83,"column":51}},{"start":{"line":83,"column":55},"end":{"line":83,"column":56}}],"line":83},"4":{"loc":{"start":{"line":84,"column":18},"end":{"line":84,"column":75}},"type":"binary-expr","locations":[{"start":{"line":84,"column":18},"end":{"line":84,"column":69}},{"start":{"line":84,"column":73},"end":{"line":84,"column":75}}],"line":84},"5":{"loc":{"start":{"line":136,"column":4},"end":{"line":140,"column":5}},"type":"if","locations":[{"start":{"line":136,"column":4},"end":{"line":140,"column":5}},{"start":{},"end":{}}],"line":136},"6":{"loc":{"start":{"line":136,"column":8},"end":{"line":136,"column":53}},"type":"binary-expr","locations":[{"start":{"line":136,"column":8},"end":{"line":136,"column":20}},{"start":{"line":136,"column":24},"end":{"line":136,"column":53}}],"line":136},"7":{"loc":{"start":{"line":142,"column":18},"end":{"line":142,"column":75}},"type":"binary-expr","locations":[{"start":{"line":142,"column":18},"end":{"line":142,"column":69}},{"start":{"line":142,"column":73},"end":{"line":142,"column":75}}],"line":142}},"s":{"0":1,"1":1,"2":1,"3":0,"4":0,"5":0,"6":0,"7":0,"8":0,"9":0,"10":0,"11":0,"12":0,"13":0,"14":0,"15":0,"16":0,"17":0,"18":0,"19":0,"20":0,"21":0,"22":0,"23":1,"24":0,"25":0,"26":0,"27":0,"28":0,"29":0,"30":0,"31":0,"32":0,"33":0,"34":0,"35":0,"36":1,"37":0,"38":0,"39":0,"40":0,"41":0,"42":0,"43":0,"44":0,"45":0,"46":0,"47":0,"48":1},"f":{"0":0,"1":0,"2":0,"3":0,"4":0},"b":{"0":[0,0],"1":[0,0],"2":[0,0],"3":[0,0],"4":[0,0],"5":[0,0],"6":[0,0],"7":[0,0]},"_coverageSchema":"1a1c01bbd47fc00a2c39e90264f33305004495a9","hash":"cad27cba72901bf786571d33d4b7bd8cc433b68b"}
,"/Users/eman/Desktop/CTD/node-homework/controllers/taskController.js": {"path":"/Users/eman/Desktop/CTD/node-homework/controllers/taskController.js","statementMap":{"0":{"start":{"line":1,"column":24},"end":{"line":1,"column":52}},"1":{"start":{"line":2,"column":40},"end":{"line":2,"column":75}},"2":{"start":{"line":3,"column":15},"end":{"line":3,"column":38}},"3":{"start":{"line":5,"column":20},"end":{"line":16,"column":1}},"4":{"start":{"line":6,"column":17},"end":{"line":6,"column":39}},"5":{"start":{"line":8,"column":2},"end":{"line":13,"column":3}},"6":{"start":{"line":9,"column":4},"end":{"line":11,"column":61}},"7":{"start":{"line":12,"column":4},"end":{"line":12,"column":16}},"8":{"start":{"line":15,"column":2},"end":{"line":15,"column":16}},"9":{"start":{"line":18,"column":15},"end":{"line":35,"column":1}},"10":{"start":{"line":19,"column":2},"end":{"line":19,"column":31}},"11":{"start":{"line":19,"column":17},"end":{"line":19,"column":31}},"12":{"start":{"line":21,"column":27},"end":{"line":21,"column":79}},"13":{"start":{"line":23,"column":2},"end":{"line":24,"column":80}},"14":{"start":{"line":24,"column":4},"end":{"line":24,"column":80}},"15":{"start":{"line":26,"column":15},"end":{"line":32,"column":4}},"16":{"start":{"line":34,"column":2},"end":{"line":34,"column":52}},"17":{"start":{"line":37,"column":14},"end":{"line":96,"column":1}},"18":{"start":{"line":38,"column":2},"end":{"line":42,"column":3}},"19":{"start":{"line":39,"column":4},"end":{"line":41,"column":53}},"20":{"start":{"line":44,"column":2},"end":{"line":46,"column":3}},"21":{"start":{"line":45,"column":4},"end":{"line":45,"column":76}},"22":{"start":{"line":48,"column":15},"end":{"line":48,"column":57}},"23":{"start":{"line":49,"column":16},"end":{"line":49,"column":75}},"24":{"start":{"line":50,"column":15},"end":{"line":50,"column":33}},"25":{"start":{"line":52,"column":22},"end":{"line":52,"column":45}},"26":{"start":{"line":54,"column":2},"end":{"line":59,"column":3}},"27":{"start":{"line":55,"column":4},"end":{"line":58,"column":6}},"28":{"start":{"line":61,"column":16},"end":{"line":79,"column":4}},"29":{"start":{"line":81,"column":21},"end":{"line":83,"column":4}},"30":{"start":{"line":84,"column":21},"end":{"line":84,"column":50}},"31":{"start":{"line":86,"column":21},"end":{"line":93,"column":3}},"32":{"start":{"line":95,"column":2},"end":{"line":95,"column":34}},"33":{"start":{"line":98,"column":13},"end":{"line":127,"column":1}},"34":{"start":{"line":99,"column":17},"end":{"line":99,"column":38}},"35":{"start":{"line":100,"column":2},"end":{"line":100,"column":30}},"36":{"start":{"line":100,"column":23},"end":{"line":100,"column":30}},"37":{"start":{"line":102,"column":15},"end":{"line":118,"column":4}},"38":{"start":{"line":120,"column":2},"end":{"line":124,"column":3}},"39":{"start":{"line":121,"column":4},"end":{"line":123,"column":52}},"40":{"start":{"line":126,"column":2},"end":{"line":126,"column":17}},"41":{"start":{"line":129,"column":15},"end":{"line":159,"column":1}},"42":{"start":{"line":130,"column":2},"end":{"line":130,"column":31}},"43":{"start":{"line":130,"column":17},"end":{"line":130,"column":31}},"44":{"start":{"line":132,"column":27},"end":{"line":134,"column":4}},"45":{"start":{"line":136,"column":2},"end":{"line":137,"column":80}},"46":{"start":{"line":137,"column":4},"end":{"line":137,"column":80}},"47":{"start":{"line":139,"column":17},"end":{"line":139,"column":38}},"48":{"start":{"line":140,"column":2},"end":{"line":140,"column":30}},"49":{"start":{"line":140,"column":23},"end":{"line":140,"column":30}},"50":{"start":{"line":142,"column":2},"end":{"line":158,"column":3}},"51":{"start":{"line":143,"column":17},"end":{"line":150,"column":6}},"52":{"start":{"line":151,"column":4},"end":{"line":151,"column":26}},"53":{"start":{"line":153,"column":4},"end":{"line":157,"column":5}},"54":{"start":{"line":154,"column":6},"end":{"line":154,"column":74}},"55":{"start":{"line":156,"column":6},"end":{"line":156,"column":23}},"56":{"start":{"line":161,"column":19},"end":{"line":181,"column":1}},"57":{"start":{"line":162,"column":17},"end":{"line":162,"column":38}},"58":{"start":{"line":163,"column":2},"end":{"line":163,"column":30}},"59":{"start":{"line":163,"column":23},"end":{"line":163,"column":30}},"60":{"start":{"line":165,"column":2},"end":{"line":180,"column":3}},"61":{"start":{"line":166,"column":17},"end":{"line":172,"column":6}},"62":{"start":{"line":173,"column":4},"end":{"line":173,"column":26}},"63":{"start":{"line":175,"column":4},"end":{"line":179,"column":5}},"64":{"start":{"line":176,"column":6},"end":{"line":176,"column":74}},"65":{"start":{"line":178,"column":6},"end":{"line":178,"column":23}},"66":{"start":{"line":183,"column":19},"end":{"line":222,"column":1}},"67":{"start":{"line":184,"column":20},"end":{"line":184,"column":28}},"68":{"start":{"line":185,"column":2},"end":{"line":189,"column":3}},"69":{"start":{"line":186,"column":4},"end":{"line":188,"column":76}},"70":{"start":{"line":191,"column":21},"end":{"line":191,"column":23}},"71":{"start":{"line":192,"column":2},"end":{"line":206,"column":3}},"72":{"start":{"line":193,"column":29},"end":{"line":193,"column":54}},"73":{"start":{"line":194,"column":4},"end":{"line":199,"column":5}},"74":{"start":{"line":195,"column":6},"end":{"line":198,"column":9}},"75":{"start":{"line":200,"column":4},"end":{"line":205,"column":7}},"76":{"start":{"line":208,"column":2},"end":{"line":221,"column":3}},"77":{"start":{"line":209,"column":19},"end":{"line":212,"column":6}},"78":{"start":{"line":214,"column":4},"end":{"line":218,"column":7}},"79":{"start":{"line":220,"column":4},"end":{"line":220,"column":21}},"80":{"start":{"line":224,"column":0},"end":{"line":224,"column":73}}},"fnMap":{"0":{"name":"(anonymous_0)","decl":{"start":{"line":5,"column":20},"end":{"line":5,"column":21}},"loc":{"start":{"line":5,"column":34},"end":{"line":16,"column":1}},"line":5},"1":{"name":"(anonymous_1)","decl":{"start":{"line":18,"column":15},"end":{"line":18,"column":16}},"loc":{"start":{"line":18,"column":35},"end":{"line":35,"column":1}},"line":18},"2":{"name":"(anonymous_2)","decl":{"start":{"line":37,"column":14},"end":{"line":37,"column":15}},"loc":{"start":{"line":37,"column":34},"end":{"line":96,"column":1}},"line":37},"3":{"name":"(anonymous_3)","decl":{"start":{"line":98,"column":13},"end":{"line":98,"column":14}},"loc":{"start":{"line":98,"column":33},"end":{"line":127,"column":1}},"line":98},"4":{"name":"(anonymous_4)","decl":{"start":{"line":129,"column":15},"end":{"line":129,"column":16}},"loc":{"start":{"line":129,"column":41},"end":{"line":159,"column":1}},"line":129},"5":{"name":"(anonymous_5)","decl":{"start":{"line":161,"column":19},"end":{"line":161,"column":20}},"loc":{"start":{"line":161,"column":45},"end":{"line":181,"column":1}},"line":161},"6":{"name":"(anonymous_6)","decl":{"start":{"line":183,"column":19},"end":{"line":183,"column":20}},"loc":{"start":{"line":183,"column":45},"end":{"line":222,"column":1}},"line":183}},"branchMap":{"0":{"loc":{"start":{"line":8,"column":2},"end":{"line":13,"column":3}},"type":"if","locations":[{"start":{"line":8,"column":2},"end":{"line":13,"column":3}},{"start":{},"end":{}}],"line":8},"1":{"loc":{"start":{"line":19,"column":2},"end":{"line":19,"column":31}},"type":"if","locations":[{"start":{"line":19,"column":2},"end":{"line":19,"column":31}},{"start":{},"end":{}}],"line":19},"2":{"loc":{"start":{"line":23,"column":2},"end":{"line":24,"column":80}},"type":"if","locations":[{"start":{"line":23,"column":2},"end":{"line":24,"column":80}},{"start":{},"end":{}}],"line":23},"3":{"loc":{"start":{"line":38,"column":2},"end":{"line":42,"column":3}},"type":"if","locations":[{"start":{"line":38,"column":2},"end":{"line":42,"column":3}},{"start":{},"end":{}}],"line":38},"4":{"loc":{"start":{"line":44,"column":2},"end":{"line":46,"column":3}},"type":"if","locations":[{"start":{"line":44,"column":2},"end":{"line":46,"column":3}},{"start":{},"end":{}}],"line":44},"5":{"loc":{"start":{"line":44,"column":6},"end":{"line":44,"column":66}},"type":"binary-expr","locations":[{"start":{"line":44,"column":6},"end":{"line":44,"column":22}},{"start":{"line":44,"column":26},"end":{"line":44,"column":66}}],"line":44},"6":{"loc":{"start":{"line":48,"column":15},"end":{"line":48,"column":57}},"type":"binary-expr","locations":[{"start":{"line":48,"column":15},"end":{"line":48,"column":52}},{"start":{"line":48,"column":56},"end":{"line":48,"column":57}}],"line":48},"7":{"loc":{"start":{"line":49,"column":16},"end":{"line":49,"column":75}},"type":"binary-expr","locations":[{"start":{"line":49,"column":16},"end":{"line":49,"column":69}},{"start":{"line":49,"column":73},"end":{"line":49,"column":75}}],"line":49},"8":{"loc":{"start":{"line":54,"column":2},"end":{"line":59,"column":3}},"type":"if","locations":[{"start":{"line":54,"column":2},"end":{"line":59,"column":3}},{"start":{},"end":{}}],"line":54},"9":{"loc":{"start":{"line":100,"column":2},"end":{"line":100,"column":30}},"type":"if","locations":[{"start":{"line":100,"column":2},"end":{"line":100,"column":30}},{"start":{},"end":{}}],"line":100},"10":{"loc":{"start":{"line":120,"column":2},"end":{"line":124,"column":3}},"type":"if","locations":[{"start":{"line":120,"column":2},"end":{"line":124,"column":3}},{"start":{},"end":{}}],"line":120},"11":{"loc":{"start":{"line":130,"column":2},"end":{"line":130,"column":31}},"type":"if","locations":[{"start":{"line":130,"column":2},"end":{"line":130,"column":31}},{"start":{},"end":{}}],"line":130},"12":{"loc":{"start":{"line":136,"column":2},"end":{"line":137,"column":80}},"type":"if","locations":[{"start":{"line":136,"column":2},"end":{"line":137,"column":80}},{"start":{},"end":{}}],"line":136},"13":{"loc":{"start":{"line":140,"column":2},"end":{"line":140,"column":30}},"type":"if","locations":[{"start":{"line":140,"column":2},"end":{"line":140,"column":30}},{"start":{},"end":{}}],"line":140},"14":{"loc":{"start":{"line":153,"column":4},"end":{"line":157,"column":5}},"type":"if","locations":[{"start":{"line":153,"column":4},"end":{"line":157,"column":5}},{"start":{"line":155,"column":11},"end":{"line":157,"column":5}}],"line":153},"15":{"loc":{"start":{"line":163,"column":2},"end":{"line":163,"column":30}},"type":"if","locations":[{"start":{"line":163,"column":2},"end":{"line":163,"column":30}},{"start":{},"end":{}}],"line":163},"16":{"loc":{"start":{"line":175,"column":4},"end":{"line":179,"column":5}},"type":"if","locations":[{"start":{"line":175,"column":4},"end":{"line":179,"column":5}},{"start":{"line":177,"column":11},"end":{"line":179,"column":5}}],"line":175},"17":{"loc":{"start":{"line":185,"column":2},"end":{"line":189,"column":3}},"type":"if","locations":[{"start":{"line":185,"column":2},"end":{"line":189,"column":3}},{"start":{},"end":{}}],"line":185},"18":{"loc":{"start":{"line":185,"column":6},"end":{"line":185,"column":59}},"type":"binary-expr","locations":[{"start":{"line":185,"column":6},"end":{"line":185,"column":12}},{"start":{"line":185,"column":16},"end":{"line":185,"column":37}},{"start":{"line":185,"column":41},"end":{"line":185,"column":59}}],"line":185},"19":{"loc":{"start":{"line":194,"column":4},"end":{"line":199,"column":5}},"type":"if","locations":[{"start":{"line":194,"column":4},"end":{"line":199,"column":5}},{"start":{},"end":{}}],"line":194},"20":{"loc":{"start":{"line":202,"column":19},"end":{"line":202,"column":45}},"type":"binary-expr","locations":[{"start":{"line":202,"column":19},"end":{"line":202,"column":36}},{"start":{"line":202,"column":40},"end":{"line":202,"column":45}}],"line":202},"21":{"loc":{"start":{"line":203,"column":16},"end":{"line":203,"column":42}},"type":"binary-expr","locations":[{"start":{"line":203,"column":16},"end":{"line":203,"column":30}},{"start":{"line":203,"column":34},"end":{"line":203,"column":42}}],"line":203}},"s":{"0":2,"1":2,"2":2,"3":2,"4":7,"5":7,"6":0,"7":0,"8":7,"9":2,"10":3,"11":0,"12":3,"13":3,"14":0,"15":3,"16":1,"17":2,"18":4,"19":1,"20":3,"21":1,"22":2,"23":2,"24":2,"25":2,"26":2,"27":0,"28":2,"29":2,"30":2,"31":2,"32":2,"33":2,"34":3,"35":3,"36":0,"37":3,"38":3,"39":2,"40":1,"41":2,"42":2,"43":0,"44":2,"45":2,"46":0,"47":2,"48":2,"49":0,"50":2,"51":2,"52":1,"53":1,"54":1,"55":0,"56":2,"57":2,"58":2,"59":0,"60":2,"61":2,"62":1,"63":1,"64":1,"65":0,"66":2,"67":0,"68":0,"69":0,"70":0,"71":0,"72":0,"73":0,"74":0,"75":0,"76":0,"77":0,"78":0,"79":0,"80":2},"f":{"0":7,"1":3,"2":4,"3":3,"4":2,"5":2,"6":0},"b":{"0":[0,7],"1":[0,3],"2":[0,3],"3":[1,3],"4":[1,2],"5":[3,1],"6":[2,2],"7":[2,2],"8":[0,2],"9":[0,3],"10":[2,1],"11":[0,2],"12":[0,2],"13":[0,2],"14":[1,0],"15":[0,2],"16":[1,0],"17":[0,0],"18":[0,0,0],"19":[0,0],"20":[0,0],"21":[0,0]},"_coverageSchema":"1a1c01bbd47fc00a2c39e90264f33305004495a9","hash":"0c040a28d3fb9db37b5c54f7fe1b2ed37b63ef7a"}
,"/Users/eman/Desktop/CTD/node-homework/controllers/userController.js": {"path":"/Users/eman/Desktop/CTD/node-homework/controllers/userController.js","statementMap":{"0":{"start":{"line":1,"column":24},"end":{"line":1,"column":52}},"1":{"start":{"line":2,"column":23},"end":{"line":2,"column":58}},"2":{"start":{"line":3,"column":15},"end":{"line":3,"column":32}},"3":{"start":{"line":4,"column":23},"end":{"line":4,"column":40}},"4":{"start":{"line":5,"column":12},"end":{"line":5,"column":35}},"5":{"start":{"line":6,"column":13},"end":{"line":6,"column":28}},"6":{"start":{"line":7,"column":15},"end":{"line":7,"column":44}},"7":{"start":{"line":8,"column":15},"end":{"line":8,"column":38}},"8":{"start":{"line":10,"column":20},"end":{"line":16,"column":1}},"9":{"start":{"line":11,"column":2},"end":{"line":15,"column":4}},"10":{"start":{"line":18,"column":21},"end":{"line":23,"column":1}},"11":{"start":{"line":19,"column":18},"end":{"line":19,"column":58}},"12":{"start":{"line":20,"column":16},"end":{"line":20,"column":78}},"13":{"start":{"line":21,"column":2},"end":{"line":21,"column":69}},"14":{"start":{"line":22,"column":2},"end":{"line":22,"column":27}},"15":{"start":{"line":26,"column":15},"end":{"line":26,"column":53}},"16":{"start":{"line":27,"column":21},"end":{"line":27,"column":53}},"17":{"start":{"line":28,"column":2},"end":{"line":28,"column":49}},"18":{"start":{"line":32,"column":22},"end":{"line":32,"column":43}},"19":{"start":{"line":33,"column":20},"end":{"line":33,"column":43}},"20":{"start":{"line":34,"column":21},"end":{"line":34,"column":58}},"21":{"start":{"line":35,"column":2},"end":{"line":35,"column":55}},"22":{"start":{"line":38,"column":17},"end":{"line":95,"column":1}},"23":{"start":{"line":39,"column":2},"end":{"line":39,"column":31}},"24":{"start":{"line":39,"column":17},"end":{"line":39,"column":31}},"25":{"start":{"line":40,"column":27},"end":{"line":40,"column":79}},"26":{"start":{"line":41,"column":2},"end":{"line":46,"column":3}},"27":{"start":{"line":42,"column":4},"end":{"line":45,"column":7}},"28":{"start":{"line":48,"column":25},"end":{"line":48,"column":59}},"29":{"start":{"line":50,"column":2},"end":{"line":94,"column":3}},"30":{"start":{"line":51,"column":19},"end":{"line":77,"column":6}},"31":{"start":{"line":52,"column":30},"end":{"line":52,"column":35}},"32":{"start":{"line":53,"column":22},"end":{"line":56,"column":8}},"33":{"start":{"line":58,"column":30},"end":{"line":66,"column":7}},"34":{"start":{"line":67,"column":6},"end":{"line":67,"column":58}},"35":{"start":{"line":69,"column":27},"end":{"line":74,"column":8}},"36":{"start":{"line":72,"column":50},"end":{"line":72,"column":57}},"37":{"start":{"line":76,"column":6},"end":{"line":76,"column":45}},"38":{"start":{"line":79,"column":22},"end":{"line":79,"column":57}},"39":{"start":{"line":81,"column":4},"end":{"line":86,"column":7}},"40":{"start":{"line":88,"column":4},"end":{"line":92,"column":5}},"41":{"start":{"line":89,"column":6},"end":{"line":91,"column":9}},"42":{"start":{"line":93,"column":4},"end":{"line":93,"column":19}},"43":{"start":{"line":97,"column":14},"end":{"line":126,"column":1}},"44":{"start":{"line":98,"column":30},"end":{"line":98,"column":45}},"45":{"start":{"line":100,"column":15},"end":{"line":109,"column":4}},"46":{"start":{"line":111,"column":2},"end":{"line":115,"column":3}},"47":{"start":{"line":112,"column":4},"end":{"line":114,"column":50}},"48":{"start":{"line":117,"column":18},"end":{"line":117,"column":70}},"49":{"start":{"line":118,"column":2},"end":{"line":122,"column":3}},"50":{"start":{"line":119,"column":4},"end":{"line":121,"column":50}},"51":{"start":{"line":124,"column":20},"end":{"line":124,"column":48}},"52":{"start":{"line":125,"column":2},"end":{"line":125,"column":80}},"53":{"start":{"line":128,"column":15},"end":{"line":131,"column":1}},"54":{"start":{"line":129,"column":2},"end":{"line":129,"column":43}},"55":{"start":{"line":130,"column":2},"end":{"line":130,"column":40}},"56":{"start":{"line":133,"column":0},"end":{"line":133,"column":45}}},"fnMap":{"0":{"name":"(anonymous_0)","decl":{"start":{"line":10,"column":20},"end":{"line":10,"column":21}},"loc":{"start":{"line":10,"column":29},"end":{"line":16,"column":1}},"line":10},"1":{"name":"(anonymous_1)","decl":{"start":{"line":18,"column":21},"end":{"line":18,"column":22}},"loc":{"start":{"line":18,"column":41},"end":{"line":23,"column":1}},"line":18},"2":{"name":"hashPassword","decl":{"start":{"line":25,"column":15},"end":{"line":25,"column":27}},"loc":{"start":{"line":25,"column":38},"end":{"line":29,"column":1}},"line":25},"3":{"name":"comparePassword","decl":{"start":{"line":31,"column":15},"end":{"line":31,"column":30}},"loc":{"start":{"line":31,"column":58},"end":{"line":36,"column":1}},"line":31},"4":{"name":"(anonymous_4)","decl":{"start":{"line":38,"column":17},"end":{"line":38,"column":18}},"loc":{"start":{"line":38,"column":43},"end":{"line":95,"column":1}},"line":38},"5":{"name":"(anonymous_5)","decl":{"start":{"line":51,"column":45},"end":{"line":51,"column":46}},"loc":{"start":{"line":51,"column":59},"end":{"line":77,"column":5}},"line":51},"6":{"name":"(anonymous_6)","decl":{"start":{"line":72,"column":43},"end":{"line":72,"column":44}},"loc":{"start":{"line":72,"column":50},"end":{"line":72,"column":57}},"line":72},"7":{"name":"(anonymous_7)","decl":{"start":{"line":97,"column":14},"end":{"line":97,"column":15}},"loc":{"start":{"line":97,"column":34},"end":{"line":126,"column":1}},"line":97},"8":{"name":"(anonymous_8)","decl":{"start":{"line":128,"column":15},"end":{"line":128,"column":16}},"loc":{"start":{"line":128,"column":29},"end":{"line":131,"column":1}},"line":128}},"branchMap":{"0":{"loc":{"start":{"line":14,"column":14},"end":{"line":14,"column":68}},"type":"cond-expr","locations":[{"start":{"line":14,"column":54},"end":{"line":14,"column":60}},{"start":{"line":14,"column":63},"end":{"line":14,"column":68}}],"line":14},"1":{"loc":{"start":{"line":39,"column":2},"end":{"line":39,"column":31}},"type":"if","locations":[{"start":{"line":39,"column":2},"end":{"line":39,"column":31}},{"start":{},"end":{}}],"line":39},"2":{"loc":{"start":{"line":41,"column":2},"end":{"line":46,"column":3}},"type":"if","locations":[{"start":{"line":41,"column":2},"end":{"line":46,"column":3}},{"start":{},"end":{}}],"line":41},"3":{"loc":{"start":{"line":88,"column":4},"end":{"line":92,"column":5}},"type":"if","locations":[{"start":{"line":88,"column":4},"end":{"line":92,"column":5}},{"start":{},"end":{}}],"line":88},"4":{"loc":{"start":{"line":88,"column":8},"end":{"line":88,"column":72}},"type":"binary-expr","locations":[{"start":{"line":88,"column":8},"end":{"line":88,"column":50}},{"start":{"line":88,"column":54},"end":{"line":88,"column":72}}],"line":88},"5":{"loc":{"start":{"line":111,"column":2},"end":{"line":115,"column":3}},"type":"if","locations":[{"start":{"line":111,"column":2},"end":{"line":115,"column":3}},{"start":{},"end":{}}],"line":111},"6":{"loc":{"start":{"line":118,"column":2},"end":{"line":122,"column":3}},"type":"if","locations":[{"start":{"line":118,"column":2},"end":{"line":122,"column":3}},{"start":{},"end":{}}],"line":118}},"s":{"0":3,"1":3,"2":3,"3":3,"4":3,"5":3,"6":3,"7":3,"8":3,"9":6,"10":3,"11":4,"12":4,"13":4,"14":4,"15":2,"16":2,"17":2,"18":3,"19":3,"20":3,"21":3,"22":3,"23":3,"24":0,"25":3,"26":3,"27":1,"28":2,"29":2,"30":2,"31":2,"32":2,"33":2,"34":2,"35":2,"36":6,"37":2,"38":2,"39":2,"40":0,"41":0,"42":0,"43":3,"44":3,"45":3,"46":3,"47":0,"48":3,"49":3,"50":1,"51":2,"52":2,"53":3,"54":2,"55":2,"56":3},"f":{"0":6,"1":4,"2":2,"3":3,"4":3,"5":2,"6":6,"7":3,"8":2},"b":{"0":[0,6],"1":[0,3],"2":[1,2],"3":[0,0],"4":[0,0],"5":[0,3],"6":[1,2]},"_coverageSchema":"1a1c01bbd47fc00a2c39e90264f33305004495a9","hash":"8735efa3a7de6484c311af5f2d36ae8ef1bd08d2"}
,"/Users/eman/Desktop/CTD/node-homework/db/prisma.js": {"path":"/Users/eman/Desktop/CTD/node-homework/db/prisma.js","statementMap":{"0":{"start":{"line":1,"column":25},"end":{"line":1,"column":50}},"1":{"start":{"line":3,"column":11},"end":{"line":3,"column":13}},"2":{"start":{"line":4,"column":0},"end":{"line":6,"column":1}},"3":{"start":{"line":5,"column":2},"end":{"line":5,"column":28}},"4":{"start":{"line":8,"column":15},"end":{"line":8,"column":37}},"5":{"start":{"line":9,"column":0},"end":{"line":9,"column":24}}},"fnMap":{},"branchMap":{"0":{"loc":{"start":{"line":4,"column":0},"end":{"line":6,"column":1}},"type":"if","locations":[{"start":{"line":4,"column":0},"end":{"line":6,"column":1}},{"start":{},"end":{}}],"line":4},"1":{"loc":{"start":{"line":4,"column":4},"end":{"line":4,"column":67}},"type":"binary-expr","locations":[{"start":{"line":4,"column":4},"end":{"line":4,"column":25}},{"start":{"line":4,"column":29},"end":{"line":4,"column":67}}],"line":4}},"s":{"0":3,"1":3,"2":3,"3":0,"4":3,"5":3},"f":{},"b":{"0":[0,3],"1":[3,3]},"_coverageSchema":"1a1c01bbd47fc00a2c39e90264f33305004495a9","hash":"cb9626fdb02107d769d7674e77629d946f1f4102"}
,"/Users/eman/Desktop/CTD/node-homework/middleware/error-handler.js": {"path":"/Users/eman/Desktop/CTD/node-homework/middleware/error-handler.js","statementMap":{"0":{"start":{"line":1,"column":24},"end":{"line":1,"column":52}},"1":{"start":{"line":3,"column":31},"end":{"line":23,"column":1}},"2":{"start":{"line":4,"column":2},"end":{"line":8,"column":3}},"3":{"start":{"line":5,"column":4},"end":{"line":7,"column":6}},"4":{"start":{"line":9,"column":2},"end":{"line":11,"column":3}},"5":{"start":{"line":10,"column":4},"end":{"line":10,"column":70}},"6":{"start":{"line":12,"column":2},"end":{"line":16,"column":4}},"7":{"start":{"line":18,"column":2},"end":{"line":22,"column":3}},"8":{"start":{"line":19,"column":4},"end":{"line":21,"column":63}},"9":{"start":{"line":25,"column":0},"end":{"line":25,"column":40}}},"fnMap":{"0":{"name":"(anonymous_0)","decl":{"start":{"line":3,"column":31},"end":{"line":3,"column":32}},"loc":{"start":{"line":3,"column":56},"end":{"line":23,"column":1}},"line":3}},"branchMap":{"0":{"loc":{"start":{"line":4,"column":2},"end":{"line":8,"column":3}},"type":"if","locations":[{"start":{"line":4,"column":2},"end":{"line":8,"column":3}},{"start":{},"end":{}}],"line":4},"1":{"loc":{"start":{"line":4,"column":6},"end":{"line":4,"column":53}},"type":"binary-expr","locations":[{"start":{"line":4,"column":6},"end":{"line":4,"column":32}},{"start":{"line":4,"column":36},"end":{"line":4,"column":53}}],"line":4},"2":{"loc":{"start":{"line":9,"column":2},"end":{"line":11,"column":3}},"type":"if","locations":[{"start":{"line":9,"column":2},"end":{"line":11,"column":3}},{"start":{},"end":{}}],"line":9},"3":{"loc":{"start":{"line":18,"column":2},"end":{"line":22,"column":3}},"type":"if","locations":[{"start":{"line":18,"column":2},"end":{"line":22,"column":3}},{"start":{},"end":{}}],"line":18}},"s":{"0":1,"1":1,"2":0,"3":0,"4":0,"5":0,"6":0,"7":0,"8":0,"9":1},"f":{"0":0},"b":{"0":[0,0],"1":[0,0],"2":[0,0],"3":[0,0]},"_coverageSchema":"1a1c01bbd47fc00a2c39e90264f33305004495a9","hash":"44169fe625936b3f57da0743f6c2425fde0b79b4"}
,"/Users/eman/Desktop/CTD/node-homework/middleware/jwtMiddleware.js": {"path":"/Users/eman/Desktop/CTD/node-homework/middleware/jwtMiddleware.js","statementMap":{"0":{"start":{"line":1,"column":12},"end":{"line":1,"column":35}},"1":{"start":{"line":2,"column":24},"end":{"line":2,"column":52}},"2":{"start":{"line":4,"column":16},"end":{"line":8,"column":1}},"3":{"start":{"line":5,"column":2},"end":{"line":7,"column":51}},"4":{"start":{"line":10,"column":22},"end":{"line":29,"column":1}},"5":{"start":{"line":11,"column":16},"end":{"line":11,"column":33}},"6":{"start":{"line":12,"column":2},"end":{"line":14,"column":3}},"7":{"start":{"line":13,"column":4},"end":{"line":13,"column":24}},"8":{"start":{"line":16,"column":2},"end":{"line":28,"column":5}},"9":{"start":{"line":17,"column":4},"end":{"line":19,"column":5}},"10":{"start":{"line":18,"column":6},"end":{"line":18,"column":26}},"11":{"start":{"line":21,"column":4},"end":{"line":21,"column":34}},"12":{"start":{"line":22,"column":4},"end":{"line":26,"column":5}},"13":{"start":{"line":23,"column":6},"end":{"line":25,"column":7}},"14":{"start":{"line":24,"column":8},"end":{"line":24,"column":28}},"15":{"start":{"line":27,"column":4},"end":{"line":27,"column":11}},"16":{"start":{"line":31,"column":0},"end":{"line":31,"column":31}}},"fnMap":{"0":{"name":"(anonymous_0)","decl":{"start":{"line":4,"column":16},"end":{"line":4,"column":17}},"loc":{"start":{"line":4,"column":25},"end":{"line":8,"column":1}},"line":4},"1":{"name":"(anonymous_1)","decl":{"start":{"line":10,"column":22},"end":{"line":10,"column":23}},"loc":{"start":{"line":10,"column":48},"end":{"line":29,"column":1}},"line":10},"2":{"name":"(anonymous_2)","decl":{"start":{"line":16,"column":44},"end":{"line":16,"column":45}},"loc":{"start":{"line":16,"column":62},"end":{"line":28,"column":3}},"line":16}},"branchMap":{"0":{"loc":{"start":{"line":12,"column":2},"end":{"line":14,"column":3}},"type":"if","locations":[{"start":{"line":12,"column":2},"end":{"line":14,"column":3}},{"start":{},"end":{}}],"line":12},"1":{"loc":{"start":{"line":17,"column":4},"end":{"line":19,"column":5}},"type":"if","locations":[{"start":{"line":17,"column":4},"end":{"line":19,"column":5}},{"start":{},"end":{}}],"line":17},"2":{"loc":{"start":{"line":22,"column":4},"end":{"line":26,"column":5}},"type":"if","locations":[{"start":{"line":22,"column":4},"end":{"line":26,"column":5}},{"start":{},"end":{}}],"line":22},"3":{"loc":{"start":{"line":23,"column":6},"end":{"line":25,"column":7}},"type":"if","locations":[{"start":{"line":23,"column":6},"end":{"line":25,"column":7}},{"start":{},"end":{}}],"line":23}},"s":{"0":2,"1":2,"2":2,"3":4,"4":2,"5":7,"6":7,"7":2,"8":5,"9":5,"10":1,"11":4,"12":4,"13":3,"14":1,"15":3,"16":2},"f":{"0":4,"1":7,"2":5},"b":{"0":[2,5],"1":[1,4],"2":[3,1],"3":[1,2]},"_coverageSchema":"1a1c01bbd47fc00a2c39e90264f33305004495a9","hash":"edc6ce9b79f1b91d6fc26e853e3547e2a21063b1"}
,"/Users/eman/Desktop/CTD/node-homework/middleware/not-found.js": {"path":"/Users/eman/Desktop/CTD/node-homework/middleware/not-found.js","statementMap":{"0":{"start":{"line":1,"column":24},"end":{"line":1,"column":52}},"1":{"start":{"line":3,"column":34},"end":{"line":9,"column":1}},"2":{"start":{"line":4,"column":2},"end":{"line":8,"column":3}},"3":{"start":{"line":5,"column":4},"end":{"line":7,"column":72}},"4":{"start":{"line":11,"column":0},"end":{"line":11,"column":43}}},"fnMap":{"0":{"name":"(anonymous_0)","decl":{"start":{"line":3,"column":34},"end":{"line":3,"column":35}},"loc":{"start":{"line":3,"column":54},"end":{"line":9,"column":1}},"line":3}},"branchMap":{"0":{"loc":{"start":{"line":4,"column":2},"end":{"line":8,"column":3}},"type":"if","locations":[{"start":{"line":4,"column":2},"end":{"line":8,"column":3}},{"start":{},"end":{}}],"line":4}},"s":{"0":1,"1":1,"2":0,"3":0,"4":1},"f":{"0":0},"b":{"0":[0,0]},"_coverageSchema":"1a1c01bbd47fc00a2c39e90264f33305004495a9","hash":"30e2628a9f26f66ad52ea330b57f87f2d6f205c2"}
,"/Users/eman/Desktop/CTD/node-homework/routes/analyticsRoutes.js": {"path":"/Users/eman/Desktop/CTD/node-homework/routes/analyticsRoutes.js","statementMap":{"0":{"start":{"line":1,"column":16},"end":{"line":1,"column":34}},"1":{"start":{"line":2,"column":22},"end":{"line":2,"column":60}},"2":{"start":{"line":4,"column":15},"end":{"line":4,"column":31}},"3":{"start":{"line":9,"column":4},"end":{"line":9,"column":49}},"4":{"start":{"line":11,"column":0},"end":{"line":11,"column":25}},"5":{"start":{"line":12,"column":0},"end":{"line":12,"column":46}},"6":{"start":{"line":13,"column":0},"end":{"line":13,"column":49}},"7":{"start":{"line":14,"column":0},"end":{"line":14,"column":47}},"8":{"start":{"line":16,"column":0},"end":{"line":16,"column":24}}},"fnMap":{},"branchMap":{},"s":{"0":1,"1":1,"2":1,"3":1,"4":1,"5":1,"6":1,"7":1,"8":1},"f":{},"b":{},"_coverageSchema":"1a1c01bbd47fc00a2c39e90264f33305004495a9","hash":"73d80f08d8abb0d34f03a241efa3814d2ed6c5de"}
,"/Users/eman/Desktop/CTD/node-homework/routes/taskRoutes.js": {"path":"/Users/eman/Desktop/CTD/node-homework/routes/taskRoutes.js","statementMap":{"0":{"start":{"line":1,"column":16},"end":{"line":1,"column":34}},"1":{"start":{"line":2,"column":22},"end":{"line":2,"column":60}},"2":{"start":{"line":4,"column":15},"end":{"line":4,"column":31}},"3":{"start":{"line":12,"column":4},"end":{"line":12,"column":44}},"4":{"start":{"line":14,"column":0},"end":{"line":14,"column":25}},"5":{"start":{"line":15,"column":0},"end":{"line":15,"column":42}},"6":{"start":{"line":16,"column":0},"end":{"line":16,"column":38}},"7":{"start":{"line":17,"column":0},"end":{"line":17,"column":64}},"8":{"start":{"line":19,"column":0},"end":{"line":19,"column":24}}},"fnMap":{},"branchMap":{},"s":{"0":1,"1":1,"2":1,"3":1,"4":1,"5":1,"6":1,"7":1,"8":1},"f":{},"b":{},"_coverageSchema":"1a1c01bbd47fc00a2c39e90264f33305004495a9","hash":"b23c956f2573c2da515647dcc1beaef8ac89823b"}
,"/Users/eman/Desktop/CTD/node-homework/routes/userRoutes.js": {"path":"/Users/eman/Desktop/CTD/node-homework/routes/userRoutes.js","statementMap":{"0":{"start":{"line":1,"column":16},"end":{"line":1,"column":34}},"1":{"start":{"line":2,"column":22},"end":{"line":2,"column":60}},"2":{"start":{"line":4,"column":15},"end":{"line":4,"column":31}},"3":{"start":{"line":5,"column":36},"end":{"line":5,"column":76}},"4":{"start":{"line":7,"column":0},"end":{"line":7,"column":41}},"5":{"start":{"line":8,"column":0},"end":{"line":8,"column":35}},"6":{"start":{"line":9,"column":0},"end":{"line":9,"column":52}},"7":{"start":{"line":11,"column":0},"end":{"line":11,"column":24}}},"fnMap":{},"branchMap":{},"s":{"0":1,"1":1,"2":1,"3":1,"4":1,"5":1,"6":1,"7":1},"f":{},"b":{},"_coverageSchema":"1a1c01bbd47fc00a2c39e90264f33305004495a9","hash":"9315a9147e8c40113ce686500f846924cb814763"}
,"/Users/eman/Desktop/CTD/node-homework/test/waitForRouteHandlerCompletion.js": {"path":"/Users/eman/Desktop/CTD/node-homework/test/waitForRouteHandlerCompletion.js","statementMap":{"0":{"start":{"line":1,"column":38},"end":{"line":15,"column":1}},"1":{"start":{"line":3,"column":18},"end":{"line":11,"column":4}},"2":{"start":{"line":4,"column":4},"end":{"line":7,"column":7}},"3":{"start":{"line":5,"column":6},"end":{"line":5,"column":38}},"4":{"start":{"line":5,"column":17},"end":{"line":5,"column":38}},"5":{"start":{"line":6,"column":6},"end":{"line":6,"column":16}},"6":{"start":{"line":8,"column":4},"end":{"line":10,"column":7}},"7":{"start":{"line":9,"column":6},"end":{"line":9,"column":16}},"8":{"start":{"line":12,"column":2},"end":{"line":12,"column":29}},"9":{"start":{"line":13,"column":2},"end":{"line":13,"column":16}},"10":{"start":{"line":14,"column":2},"end":{"line":14,"column":14}},"11":{"start":{"line":17,"column":0},"end":{"line":17,"column":47}}},"fnMap":{"0":{"name":"(anonymous_0)","decl":{"start":{"line":1,"column":38},"end":{"line":1,"column":39}},"loc":{"start":{"line":1,"column":64},"end":{"line":15,"column":1}},"line":1},"1":{"name":"(anonymous_1)","decl":{"start":{"line":3,"column":30},"end":{"line":3,"column":31}},"loc":{"start":{"line":3,"column":51},"end":{"line":11,"column":3}},"line":3},"2":{"name":"(anonymous_2)","decl":{"start":{"line":4,"column":19},"end":{"line":4,"column":20}},"loc":{"start":{"line":4,"column":30},"end":{"line":7,"column":5}},"line":4},"3":{"name":"(anonymous_3)","decl":{"start":{"line":8,"column":21},"end":{"line":8,"column":22}},"loc":{"start":{"line":8,"column":27},"end":{"line":10,"column":5}},"line":8}},"branchMap":{"0":{"loc":{"start":{"line":5,"column":6},"end":{"line":5,"column":38}},"type":"if","locations":[{"start":{"line":5,"column":6},"end":{"line":5,"column":38}},{"start":{},"end":{}}],"line":5}},"s":{"0":2,"1":22,"2":22,"3":1,"4":0,"5":1,"6":22,"7":19,"8":22,"9":20,"10":20,"11":2},"f":{"0":22,"1":22,"2":1,"3":19},"b":{"0":[0,1]},"_coverageSchema":"1a1c01bbd47fc00a2c39e90264f33305004495a9","hash":"f3ecbb14cadc087af883c120af022691623c2c96"}
,"/Users/eman/Desktop/CTD/node-homework/validation/taskSchema.js": {"path":"/Users/eman/Desktop/CTD/node-homework/validation/taskSchema.js","statementMap":{"0":{"start":{"line":1,"column":12},"end":{"line":1,"column":26}},"1":{"start":{"line":3,"column":19},"end":{"line":7,"column":2}},"2":{"start":{"line":9,"column":24},"end":{"line":15,"column":53}},"3":{"start":{"line":17,"column":0},"end":{"line":17,"column":49}}},"fnMap":{},"branchMap":{},"s":{"0":3,"1":3,"2":3,"3":3},"f":{},"b":{},"_coverageSchema":"1a1c01bbd47fc00a2c39e90264f33305004495a9","hash":"ad18c0c6976b22d64513c6c86c46d1fc82e267cb"}
,"/Users/eman/Desktop/CTD/node-homework/validation/userSchema.js": {"path":"/Users/eman/Desktop/CTD/node-homework/validation/userSchema.js","statementMap":{"0":{"start":{"line":1,"column":12},"end":{"line":1,"column":26}},"1":{"start":{"line":3,"column":19},"end":{"line":15,"column":2}},"2":{"start":{"line":17,"column":0},"end":{"line":17,"column":32}}},"fnMap":{},"branchMap":{},"s":{"0":4,"1":4,"2":4},"f":{},"b":{},"_coverageSchema":"1a1c01bbd47fc00a2c39e90264f33305004495a9","hash":"22276c1da5cacd1cc93bfc9556aae591e3303aa4"}
}
