TN:
SF:app.js
FN:42,(anonymous_0)
FN:55,(anonymous_1)
FN:59,(anonymous_2)
FN:63,(anonymous_3)
FN:78,(anonymous_4)
FN:82,(anonymous_5)
FN:92,shutdown
FN:99,(anonymous_7)
FN:110,(anonymous_8)
FN:111,(anonymous_9)
FN:112,(anonymous_10)
FN:116,(anonymous_11)
FNF:12
FNH:2
FNDA:5,(anonymous_0)
FNDA:0,(anonymous_1)
FNDA:0,(anonymous_2)
FNDA:0,(anonymous_3)
FNDA:1,(anonymous_4)
FNDA:0,(anonymous_5)
FNDA:0,shutdown
FNDA:0,(anonymous_7)
FNDA:0,(anonymous_8)
FNDA:0,(anonymous_9)
FNDA:0,(anonymous_10)
FNDA:0,(anonymous_11)
DA:1,1
DA:2,1
DA:3,1
DA:4,1
DA:5,1
DA:6,1
DA:7,1
DA:8,1
DA:9,1
DA:10,1
DA:11,1
DA:12,1
DA:13,1
DA:15,1
DA:17,1
DA:19,1
DA:26,1
DA:28,1
DA:36,1
DA:38,1
DA:40,1
DA:42,1
DA:43,5
DA:44,5
DA:45,5
DA:46,5
DA:49,1
DA:51,1
DA:53,1
DA:55,1
DA:56,0
DA:59,1
DA:60,0
DA:63,1
DA:64,0
DA:65,0
DA:66,0
DA:68,0
DA:74,1
DA:75,1
DA:77,1
DA:78,1
DA:79,1
DA:82,1
DA:83,0
DA:84,0
DA:86,0
DA:88,0
DA:91,1
DA:93,0
DA:94,0
DA:95,0
DA:96,0
DA:97,0
DA:98,0
DA:99,0
DA:100,0
DA:102,0
DA:103,0
DA:105,0
DA:106,0
DA:110,1
DA:111,1
DA:112,1
DA:113,0
DA:114,0
DA:116,1
DA:117,0
DA:118,0
DA:121,1
LF:70
LH:44
BRDA:77,0,0,1
BRDA:77,0,1,1
BRDA:83,1,0,0
BRDA:83,1,1,0
BRDA:92,2,0,0
BRDA:93,3,0,0
BRDA:93,3,1,0
BRF:7
BRH:2
end_of_record
TN:
SF:controllers/analyticsController.js
FN:4,(anonymous_0)
FN:72,(anonymous_1)
FN:81,(anonymous_2)
FN:105,(anonymous_3)
FN:132,(anonymous_4)
FNF:5
FNH:0
FNDA:0,(anonymous_0)
FNDA:0,(anonymous_1)
FNDA:0,(anonymous_2)
FNDA:0,(anonymous_3)
FNDA:0,(anonymous_4)
DA:1,1
DA:2,1
DA:4,1
DA:5,0
DA:6,0
DA:8,0
DA:9,0
DA:14,0
DA:18,0
DA:19,0
DA:24,0
DA:32,0
DA:49,0
DA:50,0
DA:52,0
DA:64,0
DA:66,0
DA:67,0
DA:68,0
DA:71,0
DA:72,0
DA:75,0
DA:77,0
DA:81,1
DA:82,0
DA:83,0
DA:84,0
DA:85,0
DA:87,0
DA:105,0
DA:114,0
DA:115,0
DA:117,0
DA:126,0
DA:128,0
DA:132,1
DA:133,0
DA:134,0
DA:136,0
DA:137,0
DA:142,0
DA:144,0
DA:145,0
DA:146,0
DA:148,0
DA:182,0
DA:188,0
DA:192,1
LF:48
LH:6
BRDA:8,0,0,0
BRDA:8,0,1,0
BRDA:18,1,0,0
BRDA:18,1,1,0
BRDA:68,2,0,0
BRDA:68,2,1,0
BRDA:83,3,0,0
BRDA:83,3,1,0
BRDA:84,4,0,0
BRDA:84,4,1,0
BRDA:136,5,0,0
BRDA:136,5,1,0
BRDA:136,6,0,0
BRDA:136,6,1,0
BRDA:142,7,0,0
BRDA:142,7,1,0
BRF:16
BRH:0
end_of_record
TN:
SF:controllers/taskController.js
FN:5,(anonymous_0)
FN:18,(anonymous_1)
FN:37,(anonymous_2)
FN:98,(anonymous_3)
FN:129,(anonymous_4)
FN:161,(anonymous_5)
FN:183,(anonymous_6)
FNF:7
FNH:6
FNDA:7,(anonymous_0)
FNDA:3,(anonymous_1)
FNDA:4,(anonymous_2)
FNDA:3,(anonymous_3)
FNDA:2,(anonymous_4)
FNDA:2,(anonymous_5)
FNDA:0,(anonymous_6)
DA:1,2
DA:2,2
DA:3,2
DA:5,2
DA:6,7
DA:8,7
DA:9,0
DA:12,0
DA:15,7
DA:18,2
DA:19,3
DA:21,3
DA:23,3
DA:24,0
DA:26,3
DA:34,1
DA:37,2
DA:38,4
DA:39,1
DA:44,3
DA:45,1
DA:48,2
DA:49,2
DA:50,2
DA:52,2
DA:54,2
DA:55,0
DA:61,2
DA:81,2
DA:84,2
DA:86,2
DA:95,2
DA:98,2
DA:99,3
DA:100,3
DA:102,3
DA:120,3
DA:121,2
DA:126,1
DA:129,2
DA:130,2
DA:132,2
DA:136,2
DA:137,0
DA:139,2
DA:140,2
DA:142,2
DA:143,2
DA:151,1
DA:153,1
DA:154,1
DA:156,0
DA:161,2
DA:162,2
DA:163,2
DA:165,2
DA:166,2
DA:173,1
DA:175,1
DA:176,1
DA:178,0
DA:183,2
DA:184,0
DA:185,0
DA:186,0
DA:191,0
DA:192,0
DA:193,0
DA:194,0
DA:195,0
DA:200,0
DA:208,0
DA:209,0
DA:214,0
DA:220,0
DA:224,2
LF:76
LH:56
BRDA:8,0,0,0
BRDA:8,0,1,7
BRDA:19,1,0,0
BRDA:19,1,1,3
BRDA:23,2,0,0
BRDA:23,2,1,3
BRDA:38,3,0,1
BRDA:38,3,1,3
BRDA:44,4,0,1
BRDA:44,4,1,2
BRDA:44,5,0,3
BRDA:44,5,1,1
BRDA:48,6,0,2
BRDA:48,6,1,2
BRDA:49,7,0,2
BRDA:49,7,1,2
BRDA:54,8,0,0
BRDA:54,8,1,2
BRDA:100,9,0,0
BRDA:100,9,1,3
BRDA:120,10,0,2
BRDA:120,10,1,1
BRDA:130,11,0,0
BRDA:130,11,1,2
BRDA:136,12,0,0
BRDA:136,12,1,2
BRDA:140,13,0,0
BRDA:140,13,1,2
BRDA:153,14,0,1
BRDA:153,14,1,0
BRDA:163,15,0,0
BRDA:163,15,1,2
BRDA:175,16,0,1
BRDA:175,16,1,0
BRDA:185,17,0,0
BRDA:185,17,1,0
BRDA:185,18,0,0
BRDA:185,18,1,0
BRDA:185,18,2,0
BRDA:194,19,0,0
BRDA:194,19,1,0
BRDA:202,20,0,0
BRDA:202,20,1,0
BRDA:203,21,0,0
BRDA:203,21,1,0
BRF:45
BRH:23
end_of_record
TN:
SF:controllers/userController.js
FN:10,(anonymous_0)
FN:18,(anonymous_1)
FN:25,hashPassword
FN:31,comparePassword
FN:38,(anonymous_4)
FN:51,(anonymous_5)
FN:72,(anonymous_6)
FN:97,(anonymous_7)
FN:128,(anonymous_8)
FNF:9
FNH:9
FNDA:6,(anonymous_0)
FNDA:4,(anonymous_1)
FNDA:2,hashPassword
FNDA:3,comparePassword
FNDA:3,(anonymous_4)
FNDA:2,(anonymous_5)
FNDA:6,(anonymous_6)
FNDA:3,(anonymous_7)
FNDA:2,(anonymous_8)
DA:1,3
DA:2,3
DA:3,3
DA:4,3
DA:5,3
DA:6,3
DA:7,3
DA:8,3
DA:10,3
DA:11,6
DA:18,3
DA:19,4
DA:20,4
DA:21,4
DA:22,4
DA:26,2
DA:27,2
DA:28,2
DA:32,3
DA:33,3
DA:34,3
DA:35,3
DA:38,3
DA:39,3
DA:40,3
DA:41,3
DA:42,1
DA:48,2
DA:50,2
DA:51,2
DA:52,2
DA:53,2
DA:58,2
DA:67,2
DA:69,2
DA:72,6
DA:76,2
DA:79,2
DA:81,2
DA:88,0
DA:89,0
DA:93,0
DA:97,3
DA:98,3
DA:100,3
DA:111,3
DA:112,0
DA:117,3
DA:118,3
DA:119,1
DA:124,2
DA:125,2
DA:128,3
DA:129,2
DA:130,2
DA:133,3
LF:56
LH:52
BRDA:14,0,0,0
BRDA:14,0,1,6
BRDA:39,1,0,0
BRDA:39,1,1,3
BRDA:41,2,0,1
BRDA:41,2,1,2
BRDA:88,3,0,0
BRDA:88,3,1,0
BRDA:88,4,0,0
BRDA:88,4,1,0
BRDA:111,5,0,0
BRDA:111,5,1,3
BRDA:118,6,0,1
BRDA:118,6,1,2
BRF:14
BRH:7
end_of_record
TN:
SF:db/prisma.js
FNF:0
FNH:0
DA:1,3
DA:3,3
DA:4,3
DA:5,0
DA:8,3
DA:9,3
LF:6
LH:5
BRDA:4,0,0,0
BRDA:4,0,1,3
BRDA:4,1,0,3
BRDA:4,1,1,3
BRF:4
BRH:3
end_of_record
TN:
SF:middleware/error-handler.js
FN:3,(anonymous_0)
FNF:1
FNH:0
FNDA:0,(anonymous_0)
DA:1,1
DA:3,1
DA:4,0
DA:5,0
DA:9,0
DA:10,0
DA:12,0
DA:18,0
DA:19,0
DA:25,1
LF:10
LH:3
BRDA:4,0,0,0
BRDA:4,0,1,0
BRDA:4,1,0,0
BRDA:4,1,1,0
BRDA:9,2,0,0
BRDA:9,2,1,0
BRDA:18,3,0,0
BRDA:18,3,1,0
BRF:8
BRH:0
end_of_record
TN:
SF:middleware/jwtMiddleware.js
FN:4,(anonymous_0)
FN:10,(anonymous_1)
FN:16,(anonymous_2)
FNF:3
FNH:3
FNDA:4,(anonymous_0)
FNDA:7,(anonymous_1)
FNDA:5,(anonymous_2)
DA:1,2
DA:2,2
DA:4,2
DA:5,4
DA:10,2
DA:11,7
DA:12,7
DA:13,2
DA:16,5
DA:17,5
DA:18,1
DA:21,4
DA:22,4
DA:23,3
DA:24,1
DA:27,3
DA:31,2
LF:17
LH:17
BRDA:12,0,0,2
BRDA:12,0,1,5
BRDA:17,1,0,1
BRDA:17,1,1,4
BRDA:22,2,0,3
BRDA:22,2,1,1
BRDA:23,3,0,1
BRDA:23,3,1,2
BRF:8
BRH:8
end_of_record
TN:
SF:middleware/not-found.js
FN:3,(anonymous_0)
FNF:1
FNH:0
FNDA:0,(anonymous_0)
DA:1,1
DA:3,1
DA:4,0
DA:5,0
DA:11,1
LF:5
LH:3
BRDA:4,0,0,0
BRDA:4,0,1,0
BRF:2
BRH:0
end_of_record
TN:
SF:routes/analyticsRoutes.js
FNF:0
FNH:0
DA:1,1
DA:2,1
DA:4,1
DA:9,1
DA:11,1
DA:12,1
DA:13,1
DA:14,1
DA:16,1
LF:9
LH:9
BRF:0
BRH:0
end_of_record
TN:
SF:routes/taskRoutes.js
FNF:0
FNH:0
DA:1,1
DA:2,1
DA:4,1
DA:12,1
DA:14,1
DA:15,1
DA:16,1
DA:17,1
DA:19,1
LF:9
LH:9
BRF:0
BRH:0
end_of_record
TN:
SF:routes/userRoutes.js
FNF:0
FNH:0
DA:1,1
DA:2,1
DA:4,1
DA:5,1
DA:7,1
DA:8,1
DA:9,1
DA:11,1
LF:8
LH:8
BRF:0
BRH:0
end_of_record
TN:
SF:test/waitForRouteHandlerCompletion.js
FN:1,(anonymous_0)
FN:3,(anonymous_1)
FN:4,(anonymous_2)
FN:8,(anonymous_3)
FNF:4
FNH:4
FNDA:22,(anonymous_0)
FNDA:22,(anonymous_1)
FNDA:1,(anonymous_2)
FNDA:19,(anonymous_3)
DA:1,2
DA:3,22
DA:4,22
DA:5,1
DA:6,1
DA:8,22
DA:9,19
DA:12,22
DA:13,20
DA:14,20
DA:17,2
LF:11
LH:11
BRDA:5,0,0,0
BRDA:5,0,1,1
BRF:2
BRH:1
end_of_record
TN:
SF:validation/taskSchema.js
FNF:0
FNH:0
DA:1,3
DA:3,3
DA:9,3
DA:17,3
LF:4
LH:4
BRF:0
BRH:0
end_of_record
TN:
SF:validation/userSchema.js
FNF:0
FNH:0
DA:1,4
DA:3,4
DA:17,4
LF:3
LH:3
BRF:0
BRH:0
end_of_record
